<?xml version="1.0" encoding="UTF-8"?>
<testsuite xmlns:xsi="http://www.w3.org/2001/XMLSchema-instance" xsi:noNamespaceSchemaLocation="https://maven.apache.org/surefire/maven-surefire-plugin/xsd/surefire-test-report-3.0.xsd" version="3.0" name="org.example.main.controller.RoleControllerTest" time="0.044" tests="5" errors="0" skipped="0" failures="0">
  <properties>
[...]
</properties>
  <testcase name="saveTest" classname="org.example.main.controller.RoleControllerTest" time="0.009"/>
  <testcase name="deleteByIdTest" classname="org.example.main.controller.RoleControllerTest" time="0.005"/>
  <testcase name="updateTest" classname="org.example.main.controller.RoleControllerTest" time="0.007"/>
  <testcase name="findAllTest" classname="org.example.main.controller.RoleControllerTest" time="0.01"/>
  <testcase name="findByIdTest" classname="org.example.main.controller.RoleControllerTest" time="0.006"/>
</testsuite>